Thu Feb 25 10:59:58 BRT 2016 : Apache Derby Servidor de Rede - 10.10.2.0 - (1582446) iniciado e pronto para aceitar conexões na porta 1527 em {3}
----------------------------------------------------------------
Thu Feb 25 10:59:58 BRT 2016:
 Inicializando o Derby versão The Apache Software Foundation - Apache Derby - 10.10.2.0 - (1582446): instância a816c00e-0153-18ba-a308-00003752bafc
no diretório de banco de dados C:\Temp\ProjetoBaseLP3\db\bancobase_lp3 

java.vendor=Oracle Corporation
java.runtime.version=1.8.0_40-b26
user.dir=C:\Program Files\GlassFish_Server\javadb
os.name=Windows 7
os.arch=amd64
os.version=6.1
derby.system.home=C:\Temp\ProjetoBaseLP3\db
Carregador de classe do banco de dados iniciado - derby.database.classpath=''
----------------------------------------------------------------
Thu Feb 25 11:00:12 BRT 2016:
Encerrando a instância a816c00e-0153-18ba-a308-00003752bafc
Thu Feb 25 11:00:12 BRT 2016 Thread[DRDAConnThread_3,5,main] (DATABASE = bancobase_lp3), (DRDAID = {2}), Banco de dados 'bancobase_lp3' fechado.
----------------------------------------------------------------
Thu Feb 25 11:00:28 BRT 2016:
 Inicializando o Derby versão The Apache Software Foundation - Apache Derby - 10.10.2.0 - (1582446): instância 560740aa-0153-18ba-a308-00003752bafc
no diretório de banco de dados C:\Temp\ProjetoBaseLP3\db\bancobase_lp3 

java.vendor=Oracle Corporation
java.runtime.version=1.8.0_40-b26
user.dir=C:\Program Files\GlassFish_Server\javadb
os.name=Windows 7
os.arch=amd64
os.version=6.1
derby.system.home=C:\Temp\ProjetoBaseLP3\db
Carregador de classe do banco de dados iniciado - derby.database.classpath=''
